[     102ms] [WARNING] Mixed Content: The page at 'https://sweet-dreams-us.github.io/AceGameroomGallery/' was loaded over HTTPS, but requested an insecure element 'http://www.acegameroom.com/store/content/images/thumbs/0001358_olhausen-augusta-pool-table_415.png'. This request was automatically upgraded to HTTPS, For more information see https://blog.chromium.org/2019/10/no-more-mixed-messages-about-https.html @ https://sweet-dreams-us.github.io/AceGameroomGallery/:0
[     102ms] [WARNING] Mixed Content: The page at 'https://sweet-dreams-us.github.io/AceGameroomGallery/' was loaded over HTTPS, but requested an insecure element 'http://www.acegameroom.com/store/content/images/thumbs/0003115_pinball-machines_450.png'. This request was automatically upgraded to HTTPS, For more information see https://blog.chromium.org/2019/10/no-more-mixed-messages-about-https.html @ https://sweet-dreams-us.github.io/AceGameroomGallery/:0
[     102ms] [WARNING] Mixed Content: The page at 'https://sweet-dreams-us.github.io/AceGameroomGallery/' was loaded over HTTPS, but requested an insecure element 'http://www.acegameroom.com/store/content/images/thumbs/0002829_arcade-classics-multicade-upright_415.jpeg'. This request was automatically upgraded to HTTPS, For more information see https://blog.chromium.org/2019/10/no-more-mixed-messages-about-https.html @ https://sweet-dreams-us.github.io/AceGameroomGallery/:0
[     102ms] [WARNING] Mixed Content: The page at 'https://sweet-dreams-us.github.io/AceGameroomGallery/' was loaded over HTTPS, but requested an insecure element 'http://www.acegameroom.com/store/content/images/thumbs/0006604_cl-bailey-12-skylar-shuffleboard_415.jpeg'. This request was automatically upgraded to HTTPS, For more information see https://blog.chromium.org/2019/10/no-more-mixed-messages-about-https.html @ https://sweet-dreams-us.github.io/AceGameroomGallery/:0
[     102ms] [WARNING] Mixed Content: The page at 'https://sweet-dreams-us.github.io/AceGameroomGallery/' was loaded over HTTPS, but requested an insecure element 'http://www.acegameroom.com/store/content/images/thumbs/0005693_arabella-bar_415.jpeg'. This request was automatically upgraded to HTTPS, For more information see https://blog.chromium.org/2019/10/no-more-mixed-messages-about-https.html @ https://sweet-dreams-us.github.io/AceGameroomGallery/:0
[     102ms] [WARNING] Mixed Content: The page at 'https://sweet-dreams-us.github.io/AceGameroomGallery/' was loaded over HTTPS, but requested an insecure element 'http://www.acegameroom.com/store/content/images/thumbs/0003116_foosball_450.png'. This request was automatically upgraded to HTTPS, For more information see https://blog.chromium.org/2019/10/no-more-mixed-messages-about-https.html @ https://sweet-dreams-us.github.io/AceGameroomGallery/:0
[     102ms] [WARNING] Mixed Content: The page at 'https://sweet-dreams-us.github.io/AceGameroomGallery/' was loaded over HTTPS, but requested an insecure element 'http://www.acegameroom.com/store/content/images/thumbs/0003196_residential-playsets_450.jpeg'. This request was automatically upgraded to HTTPS, For more information see https://blog.chromium.org/2019/10/no-more-mixed-messages-about-https.html @ https://sweet-dreams-us.github.io/AceGameroomGallery/:0
[     102ms] [WARNING] Mixed Content: The page at 'https://sweet-dreams-us.github.io/AceGameroomGallery/' was loaded over HTTPS, but requested an insecure element 'http://www.acegameroom.com/store/content/images/thumbs/0002962_goalsetter-all-star-54-x-36-in-ground-basketball-goal_415.jpeg'. This request was automatically upgraded to HTTPS, For more information see https://blog.chromium.org/2019/10/no-more-mixed-messages-about-https.html @ https://sweet-dreams-us.github.io/AceGameroomGallery/:0
[     216ms] [ERROR] Failed to load resource: the server responded with a status of 404 () @ https://sweet-dreams-us.github.io/images/brand/hero-showroom.webp:0
[     216ms] [ERROR] Failed to load resource: the server responded with a status of 404 () @ https://sweet-dreams-us.github.io/images/brand/pool-table-banner.webp:0
[     284ms] Error: Minified React error #185; visit https://react.dev/errors/185 for the full message or use the non-minified dev environment for full errors and additional helpful warnings.
    at rh (https://sweet-dreams-us.github.io/AceGameroomGallery/_next/static/chunks/10~x95jhs6ns3.js:1:42845)
    at rp (https://sweet-dreams-us.github.io/AceGameroomGallery/_next/static/chunks/10~x95jhs6ns3.js:1:42417)
    at aU (https://sweet-dreams-us.github.io/AceGameroomGallery/_next/static/chunks/10~x95jhs6ns3.js:1:68599)
    at aF (https://sweet-dreams-us.github.io/AceGameroomGallery/_next/static/chunks/10~x95jhs6ns3.js:1:68425)
    at iv (https://sweet-dreams-us.github.io/AceGameroomGallery/_next/static/chunks/10~x95jhs6ns3.js:1:102969)
    at up (https://sweet-dreams-us.github.io/AceGameroomGallery/_next/static/chunks/10~x95jhs6ns3.js:1:127008)
    at ud (https://sweet-dreams-us.github.io/AceGameroomGallery/_next/static/chunks/10~x95jhs6ns3.js:1:126670)
    at up (https://sweet-dreams-us.github.io/AceGameroomGallery/_next/static/chunks/10~x95jhs6ns3.js:1:127053)
    at ud (https://sweet-dreams-us.github.io/AceGameroomGallery/_next/static/chunks/10~x95jhs6ns3.js:1:126670)
    at up (https://sweet-dreams-us.github.io/AceGameroomGallery/_next/static/chunks/10~x95jhs6ns3.js:1:127053)
